<?xml version="1.0" encoding="UTF-8"?>
<!-- Generated by org.testng.reporters.JUnitReportReporter -->
<testsuite skipped="0" hostname="LAPTOP-4NAHLTQK" name="day1.CreateUpdateDelete" tests="4" failures="0" timestamp="09 Nov 2021 10:16:34 GMT" time="4.518" errors="0">
  <testcase name="getContact" time="0.548" classname="day1.CreateUpdateDelete"/>
  <testcase name="deleteContact" time="0.538" classname="day1.CreateUpdateDelete"/>
  <testcase name="addContact" time="2.885" classname="day1.CreateUpdateDelete"/>
  <testcase name="updateContact" time="0.547" classname="day1.CreateUpdateDelete"/>
</testsuite> <!-- day1.CreateUpdateDelete -->
