<?xml version="1.0" encoding="UTF-8"?>
<!-- Generated by org.testng.reporters.JUnitReportReporter -->
<testsuite skipped="2" hostname="LAPTOP-4NAHLTQK" name="day1.OpenWeather2" tests="3" failures="0" timestamp="09 Nov 2021 07:02:01 GMT" time="5.822" errors="0">
  <testcase name="getWeatherInfo3" time="5.822" classname="day1.OpenWeather2"/>
  <testcase name="GetWeatherinfo" classname="day1.OpenWeather2">
    <skipped/>
  </testcase> <!-- GetWeatherinfo -->
  <testcase name="getWeatherInfo2" classname="day1.OpenWeather2">
    <skipped/>
  </testcase> <!-- getWeatherInfo2 -->
</testsuite> <!-- day1.OpenWeather2 -->
