<?xml version="1.0" encoding="UTF-8"?>
<!-- Generated by org.testng.reporters.JUnitReportReporter -->
<testsuite skipped="0" hostname="LAPTOP-4NAHLTQK" name="day1.OpenWeatherAPI" tests="1" failures="0" timestamp="09 Nov 2021 06:21:07 GMT" time="1.953" errors="0">
  <testcase name="getWeatherInfo" time="1.953" classname="day1.OpenWeatherAPI"/>
</testsuite> <!-- day1.OpenWeatherAPI -->
