<?xml version="1.0" encoding="UTF-8"?>
<!-- Generated by org.testng.reporters.JUnitReportReporter -->
<testsuite skipped="0" hostname="LAPTOP-4NAHLTQK" name="day1.Positive_Test" tests="1" failures="0" timestamp="09 Nov 2021 07:19:34 GMT" time="8.768" errors="0">
  <testcase name="getAllContactList" time="8.768" classname="day1.Positive_Test"/>
</testsuite> <!-- day1.Positive_Test -->
