<?xml version="1.0" encoding="UTF-8"?>
<!-- Generated by org.testng.reporters.JUnitReportReporter -->
<testsuite skipped="0" hostname="LAPTOP-4NAHLTQK" name="day1.GitHubExample" tests="1" failures="0" timestamp="09 Nov 2021 12:15:07 GMT" time="7.163" errors="0">
  <testcase name="getAllRepos" time="7.163" classname="day1.GitHubExample"/>
</testsuite> <!-- day1.GitHubExample -->
