<?xml version="1.0" encoding="UTF-8"?>
<!-- Generated by org.testng.reporters.JUnitReportReporter -->
<testsuite skipped="0" hostname="LAPTOP-4NAHLTQK" name="day1.AddRepo" tests="1" failures="0" timestamp="09 Nov 2021 12:13:30 GMT" time="9.113" errors="0">
  <testcase name="AddRepos" time="9.113" classname="day1.AddRepo"/>
</testsuite> <!-- day1.AddRepo -->
